<?xml version="1.0" encoding="UTF-8"?>
<testng-results skipped="0" failed="0" ignored="0" total="1" passed="1">
  <reporter-output>
  </reporter-output>
  <suite name="Suite" duration-ms="12919" started-at="2019-06-07T07:36:40Z" finished-at="2019-06-07T07:36:53Z">
    <groups>
    </groups>
    <test name="Test" duration-ms="12919" started-at="2019-06-07T07:36:40Z" finished-at="2019-06-07T07:36:53Z">
      <class name="jenkinseltest.TestRep">
        <test-method status="PASS" signature="disp()[pri:0, instance:jenkinseltest.TestRep@387c703b]" name="disp" duration-ms="12893" started-at="2019-06-07T07:36:40Z" finished-at="2019-06-07T07:36:53Z">
          <reporter-output>
          </reporter-output>
        </test-method> <!-- disp -->
      </class> <!-- jenkinseltest.TestRep -->
    </test> <!-- Test -->
  </suite> <!-- Suite -->
</testng-results>
